2016/06/29 17:37:33 INFO  - jmeter.util.JMeterUtils: Setting Locale to en_IN 
2016/06/29 17:37:34 INFO  - jmeter.save.SaveService: Testplan (JMX) version: 2.2. Testlog (JTL) version: 2.2 
2016/06/29 17:37:34 INFO  - jmeter.save.SaveService: Using SaveService properties file encoding UTF-8 
2016/06/29 17:37:34 INFO  - jmeter.save.SaveService: Using SaveService properties version 2.9 
2016/06/29 17:37:34 INFO  - jmeter.save.SaveService: All converter versions present and correct 
2016/06/29 17:37:34 INFO  - jmeter.protocol.http.sampler.HTTPSamplerBase: Parser for text/html is org.apache.jmeter.protocol.http.parser.LagartoBasedHtmlParser 
2016/06/29 17:37:34 INFO  - jmeter.protocol.http.sampler.HTTPSamplerBase: Parser for application/xhtml+xml is org.apache.jmeter.protocol.http.parser.LagartoBasedHtmlParser 
2016/06/29 17:37:34 INFO  - jmeter.protocol.http.sampler.HTTPSamplerBase: Parser for application/xml is org.apache.jmeter.protocol.http.parser.LagartoBasedHtmlParser 
2016/06/29 17:37:34 INFO  - jmeter.protocol.http.sampler.HTTPSamplerBase: Parser for text/xml is org.apache.jmeter.protocol.http.parser.LagartoBasedHtmlParser 
2016/06/29 17:37:34 INFO  - jmeter.protocol.http.sampler.HTTPSamplerBase: Parser for text/vnd.wap.wml is org.apache.jmeter.protocol.http.parser.RegexpHTMLParser 
2016/06/29 17:37:34 INFO  - jmeter.protocol.http.sampler.HTTPSamplerBase: Parser for text/css is org.apache.jmeter.protocol.http.parser.CssParser 
2016/06/29 17:37:34 INFO  - jmeter.protocol.http.sampler.HTTPSamplerBase: Reuse SSL session context on subsequent iterations: true 
2016/06/29 17:37:34 INFO  - jmeter.engine.StandardJMeterEngine: Running the test! 
2016/06/29 17:37:34 INFO  - jmeter.samplers.SampleEvent: List of sample_variables: [] 
2016/06/29 17:37:34 INFO  - jmeter.samplers.SampleEvent: List of sample_variables: [] 
2016/06/29 17:37:34 INFO  - jmeter.engine.util.CompoundVariable: Note: Function class names must contain the string: '.functions.' 
2016/06/29 17:37:34 INFO  - jmeter.engine.util.CompoundVariable: Note: Function class names must not contain the string: '.gui.' 
2016/06/29 17:37:34 WARN  - jmeter.engine.util.CompoundVariable: Did not find any functions 
2016/06/29 17:37:34 INFO  - jmeter.engine.StandardJMeterEngine: Starting ThreadGroup: 1 : AttuneUsers 
2016/06/29 17:37:34 INFO  - jmeter.engine.StandardJMeterEngine: Starting 20 threads for group AttuneUsers. 
2016/06/29 17:37:34 INFO  - jmeter.engine.StandardJMeterEngine: Thread will continue on error 
2016/06/29 17:37:34 INFO  - jmeter.threads.ThreadGroup: Starting thread group number 1 threads 20 ramp-up 1 perThread 50.0 delayedStart=false 
2016/06/29 17:37:34 INFO  - jmeter.threads.JMeterThread: Thread started: AttuneUsers 1-1 
2016/06/29 17:37:34 INFO  - jmeter.threads.ThreadGroup: Started thread group number 1 
2016/06/29 17:37:34 INFO  - jmeter.engine.StandardJMeterEngine: All thread groups have been started 
2016/06/29 17:37:34 INFO  - jmeter.protocol.http.sampler.HTTPHCAbstractImpl: Local host = Attune-9 
2016/06/29 17:37:34 INFO  - jmeter.protocol.http.sampler.HTTPHC4Impl: HTTP request retry count = 1 
2016/06/29 17:37:34 INFO  - jmeter.threads.JMeterThread: Thread started: AttuneUsers 1-2 
2016/06/29 17:37:34 INFO  - jmeter.threads.JMeterThread: Thread started: AttuneUsers 1-3 
2016/06/29 17:37:34 INFO  - jmeter.threads.JMeterThread: Thread started: AttuneUsers 1-4 
2016/06/29 17:37:34 INFO  - jmeter.protocol.http.sampler.HTTPHC4Impl: Setting up HTTPS TrustAll scheme 
2016/06/29 17:37:34 INFO  - jmeter.util.JsseSSLManager: Using default SSL protocol: TLS 
2016/06/29 17:37:34 INFO  - jmeter.util.JsseSSLManager: SSL session context: per-thread 
2016/06/29 17:37:34 INFO  - jmeter.threads.JMeterThread: Thread started: AttuneUsers 1-5 
2016/06/29 17:37:34 INFO  - jmeter.samplers.SampleResult: Note: Sample TimeStamps are START times 
2016/06/29 17:37:34 INFO  - jmeter.samplers.SampleResult: sampleresult.default.encoding is set to ISO-8859-1 
2016/06/29 17:37:34 INFO  - jmeter.samplers.SampleResult: sampleresult.useNanoTime=true 
2016/06/29 17:37:34 INFO  - jmeter.samplers.SampleResult: sampleresult.nanoThreadSleep=5000 
2016/06/29 17:37:34 INFO  - jmeter.threads.JMeterThread: Thread started: AttuneUsers 1-6 
2016/06/29 17:37:34 INFO  - jmeter.threads.JMeterThread: Thread started: AttuneUsers 1-7 
2016/06/29 17:37:34 INFO  - jmeter.threads.JMeterThread: Thread started: AttuneUsers 1-8 
2016/06/29 17:37:34 INFO  - jmeter.threads.JMeterThread: Thread started: AttuneUsers 1-9 
2016/06/29 17:37:34 INFO  - jmeter.threads.JMeterThread: Thread started: AttuneUsers 1-10 
2016/06/29 17:37:34 INFO  - jmeter.threads.JMeterThread: Thread started: AttuneUsers 1-11 
2016/06/29 17:37:34 INFO  - jmeter.threads.JMeterThread: Thread started: AttuneUsers 1-12 
2016/06/29 17:37:34 INFO  - jmeter.threads.JMeterThread: Thread started: AttuneUsers 1-13 
2016/06/29 17:37:34 INFO  - jmeter.threads.JMeterThread: Thread started: AttuneUsers 1-14 
2016/06/29 17:37:34 INFO  - jmeter.threads.JMeterThread: Thread started: AttuneUsers 1-15 
2016/06/29 17:37:34 INFO  - jmeter.threads.JMeterThread: Thread started: AttuneUsers 1-16 
2016/06/29 17:37:35 INFO  - jmeter.threads.JMeterThread: Thread started: AttuneUsers 1-17 
2016/06/29 17:37:35 INFO  - jmeter.threads.JMeterThread: Thread started: AttuneUsers 1-18 
2016/06/29 17:37:35 INFO  - jmeter.threads.JMeterThread: Thread started: AttuneUsers 1-19 
2016/06/29 17:37:35 INFO  - jmeter.threads.JMeterThread: Thread started: AttuneUsers 1-20 
2016/06/29 17:37:38 INFO  - jmeter.threads.JMeterThread: Thread is done: AttuneUsers 1-5 
2016/06/29 17:37:38 INFO  - jmeter.threads.JMeterThread: Thread finished: AttuneUsers 1-5 
2016/06/29 17:37:38 INFO  - jmeter.threads.JMeterThread: Thread is done: AttuneUsers 1-1 
2016/06/29 17:37:38 INFO  - jmeter.threads.JMeterThread: Thread finished: AttuneUsers 1-1 
2016/06/29 17:37:38 INFO  - jmeter.threads.JMeterThread: Thread is done: AttuneUsers 1-10 
2016/06/29 17:37:38 INFO  - jmeter.threads.JMeterThread: Thread finished: AttuneUsers 1-10 
2016/06/29 17:37:38 INFO  - jmeter.threads.JMeterThread: Thread is done: AttuneUsers 1-8 
2016/06/29 17:37:38 INFO  - jmeter.threads.JMeterThread: Thread finished: AttuneUsers 1-8 
2016/06/29 17:37:38 INFO  - jmeter.threads.JMeterThread: Thread is done: AttuneUsers 1-6 
2016/06/29 17:37:38 INFO  - jmeter.threads.JMeterThread: Thread finished: AttuneUsers 1-6 
2016/06/29 17:37:38 INFO  - jmeter.threads.JMeterThread: Thread is done: AttuneUsers 1-11 
2016/06/29 17:37:38 INFO  - jmeter.threads.JMeterThread: Thread finished: AttuneUsers 1-11 
2016/06/29 17:37:38 INFO  - jmeter.threads.JMeterThread: Thread is done: AttuneUsers 1-2 
2016/06/29 17:37:38 INFO  - jmeter.threads.JMeterThread: Thread finished: AttuneUsers 1-2 
2016/06/29 17:37:38 INFO  - jmeter.threads.JMeterThread: Thread is done: AttuneUsers 1-7 
2016/06/29 17:37:38 INFO  - jmeter.threads.JMeterThread: Thread finished: AttuneUsers 1-7 
2016/06/29 17:37:38 INFO  - jmeter.threads.JMeterThread: Thread is done: AttuneUsers 1-17 
2016/06/29 17:37:38 INFO  - jmeter.threads.JMeterThread: Thread finished: AttuneUsers 1-17 
2016/06/29 17:37:38 INFO  - jmeter.threads.JMeterThread: Thread is done: AttuneUsers 1-12 
2016/06/29 17:37:38 INFO  - jmeter.threads.JMeterThread: Thread finished: AttuneUsers 1-12 
2016/06/29 17:37:38 INFO  - jmeter.threads.JMeterThread: Thread is done: AttuneUsers 1-3 
2016/06/29 17:37:38 INFO  - jmeter.threads.JMeterThread: Thread finished: AttuneUsers 1-3 
2016/06/29 17:37:38 INFO  - jmeter.threads.JMeterThread: Thread is done: AttuneUsers 1-18 
2016/06/29 17:37:38 INFO  - jmeter.threads.JMeterThread: Thread finished: AttuneUsers 1-18 
2016/06/29 17:37:38 INFO  - jmeter.threads.JMeterThread: Thread is done: AttuneUsers 1-9 
2016/06/29 17:37:38 INFO  - jmeter.threads.JMeterThread: Thread finished: AttuneUsers 1-9 
2016/06/29 17:37:38 INFO  - jmeter.threads.JMeterThread: Thread is done: AttuneUsers 1-13 
2016/06/29 17:37:38 INFO  - jmeter.threads.JMeterThread: Thread finished: AttuneUsers 1-13 
2016/06/29 17:37:38 INFO  - jmeter.threads.JMeterThread: Thread is done: AttuneUsers 1-20 
2016/06/29 17:37:38 INFO  - jmeter.threads.JMeterThread: Thread finished: AttuneUsers 1-20 
2016/06/29 17:37:38 INFO  - jmeter.threads.JMeterThread: Thread is done: AttuneUsers 1-16 
2016/06/29 17:37:38 INFO  - jmeter.threads.JMeterThread: Thread finished: AttuneUsers 1-16 
2016/06/29 17:37:38 INFO  - jmeter.threads.JMeterThread: Thread is done: AttuneUsers 1-19 
2016/06/29 17:37:38 INFO  - jmeter.threads.JMeterThread: Thread finished: AttuneUsers 1-19 
2016/06/29 17:37:38 INFO  - jmeter.threads.JMeterThread: Thread is done: AttuneUsers 1-14 
2016/06/29 17:37:38 INFO  - jmeter.threads.JMeterThread: Thread finished: AttuneUsers 1-14 
2016/06/29 17:37:39 INFO  - jmeter.threads.JMeterThread: Thread is done: AttuneUsers 1-15 
2016/06/29 17:37:39 INFO  - jmeter.threads.JMeterThread: Thread finished: AttuneUsers 1-15 
2016/06/29 17:37:39 INFO  - jmeter.threads.JMeterThread: Thread is done: AttuneUsers 1-4 
2016/06/29 17:37:39 INFO  - jmeter.threads.JMeterThread: Thread finished: AttuneUsers 1-4 
2016/06/29 17:37:39 INFO  - jmeter.engine.StandardJMeterEngine: Notifying test listeners of end of test 
2016/06/29 17:37:39 INFO  - jmeter.services.FileServer: Default base='H:\Jenkins training\Workspace\TestJmeterTestNG' 
